#
# trace14.txt - Simple error handling
#
tsh> ./bogus
./bogus: command not found
tsh> ./myspin 4 &
[1] (12615) ./myspin 4 &
tsh> fg
fg command requires a PID or %jobid argument
tsh> bg
bg command requires a PID or %jobid argument
tsh> fg a
fg: argument must be a PID or %jobid
tsh> bg a
bg: argument must be a PID or %jobid
tsh> fg 9999999
(9999999): No such process
tsh> bg 9999999
(9999999): No such process
tsh> fg %2
%2: No such job
tsh> fg %1
Job [1] (12615) stopped by signal 20
tsh> bg %2
%2: No such job
tsh> bg %1
[1] (12615) ./myspin 4 &
tsh> jobs
[1] (12615) Running ./myspin 4 &
